<?xml version="1.0" encoding="UTF-8"?>
<!-- Generated by org.testng.reporters.JUnitXMLReporter -->
<testsuite ignored="0" hostname="DESKTOP-RU2MRHE" failures="0" tests="3" name="Default test" time="4.423" errors="0" timestamp="2023-11-21T22:16:02 EST">
  <testcase classname="files.DynamicJson" name="addBookTest" time="3.222"/>
  <testcase classname="files.DynamicJson" name="addBookTest" time="0.564"/>
  <testcase classname="files.DynamicJson" name="addBookTest" time="0.527"/>
</testsuite> <!-- Default test -->
