<?xml version="1.0" encoding="UTF-8"?>
<testng-results ignored="0" total="1" passed="1" failed="0" skipped="0">
  <reporter-output>
  </reporter-output>
  <suite started-at="2023-11-20T09:02:29 EST" name="Default suite" finished-at="2023-11-20T09:02:33 EST" duration-ms="3811">
    <groups>
    </groups>
    <test started-at="2023-11-20T09:02:29 EST" name="Default test" finished-at="2023-11-20T09:02:33 EST" duration-ms="3811">
      <class name="SumValidation">
        <test-method signature="sumOfCourses()[pri:0, instance:SumValidation@5d7148e2]" started-at="2023-11-20T09:02:29 EST" name="sumOfCourses" finished-at="2023-11-20T09:02:33 EST" duration-ms="3666" status="PASS">
          <reporter-output>
          </reporter-output>
        </test-method> <!-- sumOfCourses -->
      </class> <!-- SumValidation -->
    </test> <!-- Default test -->
  </suite> <!-- Default suite -->
</testng-results>
